MightyPlant_SourceCode/Flutter source code/User App/plant_app_flutter/build/app/intermediates/manifest_merge_blame_file/release/manifest-merger-blame-release-report.txt
1<?xml version="1.0" encoding="utf-8"?>
2<manifest xmlns:android="http://schemas.android.com/apk/res/android"
3    package="com.mighty.plantapp"
4    android:versionCode="1"
5    android:versionName="1.0.0" >
6
7    <uses-sdk
8        android:minSdkVersion="21"
8-->src\main\AndroidManifest.xml
9        android:targetSdkVersion="33" />
9-->src\main\AndroidManifest.xml
10
11    <uses-permission android:name="android.permission.ACCESS_NETWORK_STATE" />
11-->src\main\AndroidManifest.xml:5:5-79
11-->src\main\AndroidManifest.xml:5:22-76
12    <uses-permission android:name="android.permission.INTERNET" />
12-->src\main\AndroidManifest.xml:6:5-67
12-->src\main\AndroidManifest.xml:6:22-64
13    <uses-permission android:name="android.permission.WAKE_LOCK" /> <!-- Create a unique permission for your app and use it so only your app can receive your OneSignal messages. -->
13-->[:firebase_analytics] AndroidManifest.xml:9:5-68
13-->[:firebase_analytics] AndroidManifest.xml:9:22-65
14    <permission
14-->[com.onesignal:OneSignal:4.8.5] AndroidManifest.xml:7:5-9:47
15        android:name="com.mighty.plantapp.permission.C2D_MESSAGE"
15-->[com.onesignal:OneSignal:4.8.5] AndroidManifest.xml:8:9-63
16        android:protectionLevel="signature" />
16-->[com.onesignal:OneSignal:4.8.5] AndroidManifest.xml:9:9-44
17
18    <uses-permission android:name="com.mighty.plantapp.permission.C2D_MESSAGE" /> <!-- OneSignal SDK has runtime checks Android version. -->
18-->[com.onesignal:OneSignal:4.8.5] AndroidManifest.xml:11:5-79
18-->[com.onesignal:OneSignal:4.8.5] AndroidManifest.xml:11:22-76
19    <!-- <uses-sdk tools:overrideLibrary="android.support.customtabs"/> -->
20    <!-- Required runtime permission to display notifications on Android 13 -->
21    <uses-permission android:name="android.permission.POST_NOTIFICATIONS" /> <!-- c2dm RECEIVE are basic requirements for push messages through Google's FCM -->
21-->[com.onesignal:OneSignal:4.8.5] AndroidManifest.xml:16:5-77
21-->[com.onesignal:OneSignal:4.8.5] AndroidManifest.xml:16:22-74
22    <uses-permission android:name="com.google.android.c2dm.permission.RECEIVE" />
22-->[com.onesignal:OneSignal:4.8.5] AndroidManifest.xml:18:5-82
22-->[com.onesignal:OneSignal:4.8.5] AndroidManifest.xml:18:22-79
23    <!--
24 Required so the device vibrates on receiving a push notification.
25         Vibration settings of the device still apply.
26    -->
27    <uses-permission android:name="android.permission.VIBRATE" />
27-->[com.onesignal:OneSignal:4.8.5] AndroidManifest.xml:24:5-66
27-->[com.onesignal:OneSignal:4.8.5] AndroidManifest.xml:24:22-63
28    <!--
29 Use to restore notifications the user hasn't interacted with.
30         They could be missed notifications if the user reboots their device if this isn't in place.
31    -->
32    <uses-permission android:name="android.permission.RECEIVE_BOOT_COMPLETED" /> <!-- START: ShortcutBadger -->
32-->[com.onesignal:OneSignal:4.8.5] AndroidManifest.xml:30:5-81
32-->[com.onesignal:OneSignal:4.8.5] AndroidManifest.xml:30:22-78
33    <!-- Samsung -->
34    <uses-permission android:name="com.sec.android.provider.badge.permission.READ" />
34-->[com.onesignal:OneSignal:4.8.5] AndroidManifest.xml:32:5-86
34-->[com.onesignal:OneSignal:4.8.5] AndroidManifest.xml:32:22-83
35    <uses-permission android:name="com.sec.android.provider.badge.permission.WRITE" /> <!-- HTC -->
35-->[com.onesignal:OneSignal:4.8.5] AndroidManifest.xml:33:5-87
35-->[com.onesignal:OneSignal:4.8.5] AndroidManifest.xml:33:22-84
36    <uses-permission android:name="com.htc.launcher.permission.READ_SETTINGS" />
36-->[com.onesignal:OneSignal:4.8.5] AndroidManifest.xml:34:5-81
36-->[com.onesignal:OneSignal:4.8.5] AndroidManifest.xml:34:22-78
37    <uses-permission android:name="com.htc.launcher.permission.UPDATE_SHORTCUT" /> <!-- Sony -->
37-->[com.onesignal:OneSignal:4.8.5] AndroidManifest.xml:35:5-83
37-->[com.onesignal:OneSignal:4.8.5] AndroidManifest.xml:35:22-80
38    <uses-permission android:name="com.sonyericsson.home.permission.BROADCAST_BADGE" />
38-->[com.onesignal:OneSignal:4.8.5] AndroidManifest.xml:36:5-88
38-->[com.onesignal:OneSignal:4.8.5] AndroidManifest.xml:36:22-85
39    <uses-permission android:name="com.sonymobile.home.permission.PROVIDER_INSERT_BADGE" /> <!-- Apex -->
39-->[com.onesignal:OneSignal:4.8.5] AndroidManifest.xml:37:5-92
39-->[com.onesignal:OneSignal:4.8.5] AndroidManifest.xml:37:22-89
40    <uses-permission android:name="com.anddoes.launcher.permission.UPDATE_COUNT" /> <!-- Solid -->
40-->[com.onesignal:OneSignal:4.8.5] AndroidManifest.xml:38:5-84
40-->[com.onesignal:OneSignal:4.8.5] AndroidManifest.xml:38:22-81
41    <uses-permission android:name="com.majeur.launcher.permission.UPDATE_BADGE" /> <!-- Huawei -->
41-->[com.onesignal:OneSignal:4.8.5] AndroidManifest.xml:39:5-83
41-->[com.onesignal:OneSignal:4.8.5] AndroidManifest.xml:39:22-80
42    <uses-permission android:name="com.huawei.android.launcher.permission.CHANGE_BADGE" />
42-->[com.onesignal:OneSignal:4.8.5] AndroidManifest.xml:40:5-91
42-->[com.onesignal:OneSignal:4.8.5] AndroidManifest.xml:40:22-88
43    <uses-permission android:name="com.huawei.android.launcher.permission.READ_SETTINGS" />
43-->[com.onesignal:OneSignal:4.8.5] AndroidManifest.xml:41:5-92
43-->[com.onesignal:OneSignal:4.8.5] AndroidManifest.xml:41:22-89
44    <uses-permission android:name="com.huawei.android.launcher.permission.WRITE_SETTINGS" /> <!-- ZUK -->
44-->[com.onesignal:OneSignal:4.8.5] AndroidManifest.xml:42:5-93
44-->[com.onesignal:OneSignal:4.8.5] AndroidManifest.xml:42:22-90
45    <uses-permission android:name="android.permission.READ_APP_BADGE" /> <!-- OPPO -->
45-->[com.onesignal:OneSignal:4.8.5] AndroidManifest.xml:43:5-73
45-->[com.onesignal:OneSignal:4.8.5] AndroidManifest.xml:43:22-70
46    <uses-permission android:name="com.oppo.launcher.permission.READ_SETTINGS" />
46-->[com.onesignal:OneSignal:4.8.5] AndroidManifest.xml:44:5-82
46-->[com.onesignal:OneSignal:4.8.5] AndroidManifest.xml:44:22-79
47    <uses-permission android:name="com.oppo.launcher.permission.WRITE_SETTINGS" /> <!-- EvMe -->
47-->[com.onesignal:OneSignal:4.8.5] AndroidManifest.xml:45:5-83
47-->[com.onesignal:OneSignal:4.8.5] AndroidManifest.xml:45:22-80
48    <uses-permission android:name="me.everything.badger.permission.BADGE_COUNT_READ" />
48-->[com.onesignal:OneSignal:4.8.5] AndroidManifest.xml:46:5-88
48-->[com.onesignal:OneSignal:4.8.5] AndroidManifest.xml:46:22-85
49    <uses-permission android:name="me.everything.badger.permission.BADGE_COUNT_WRITE" />
49-->[com.onesignal:OneSignal:4.8.5] AndroidManifest.xml:47:5-89
49-->[com.onesignal:OneSignal:4.8.5] AndroidManifest.xml:47:22-86
50
51    <queries>
51-->[com.razorpay:checkout:1.6.36] AndroidManifest.xml:10:5-39:15
52        <intent>
52-->[com.razorpay:checkout:1.6.36] AndroidManifest.xml:11:9-17:18
53            <action android:name="android.intent.action.VIEW" />
53-->[com.onesignal:OneSignal:4.8.5] AndroidManifest.xml:77:17-69
53-->[com.onesignal:OneSignal:4.8.5] AndroidManifest.xml:77:25-66
54
55            <data
55-->[com.razorpay:checkout:1.6.36] AndroidManifest.xml:14:13-16:38
56                android:mimeType="*/*"
56-->[com.razorpay:checkout:1.6.36] AndroidManifest.xml:15:17-39
57                android:scheme="*" />
57-->[com.razorpay:checkout:1.6.36] AndroidManifest.xml:16:17-35
58        </intent>
59        <intent>
59-->[com.razorpay:checkout:1.6.36] AndroidManifest.xml:18:9-27:18
60            <action android:name="android.intent.action.VIEW" />
60-->[com.onesignal:OneSignal:4.8.5] AndroidManifest.xml:77:17-69
60-->[com.onesignal:OneSignal:4.8.5] AndroidManifest.xml:77:25-66
61
62            <category android:name="android.intent.category.BROWSABLE" />
62-->[com.razorpay:checkout:1.6.36] AndroidManifest.xml:21:13-74
62-->[com.razorpay:checkout:1.6.36] AndroidManifest.xml:21:23-71
63
64            <data
64-->[com.razorpay:checkout:1.6.36] AndroidManifest.xml:14:13-16:38
65                android:host="pay"
66                android:mimeType="*/*"
66-->[com.razorpay:checkout:1.6.36] AndroidManifest.xml:15:17-39
67                android:scheme="upi" />
67-->[com.razorpay:checkout:1.6.36] AndroidManifest.xml:16:17-35
68        </intent>
69        <intent>
69-->[com.razorpay:checkout:1.6.36] AndroidManifest.xml:28:9-30:18
70            <action android:name="android.intent.action.MAIN" />
70-->src\main\AndroidManifest.xml:35:17-69
70-->src\main\AndroidManifest.xml:35:25-66
71        </intent>
72        <intent>
72-->[com.razorpay:checkout:1.6.36] AndroidManifest.xml:31:9-35:18
73            <action android:name="android.intent.action.SEND" />
73-->[com.razorpay:checkout:1.6.36] AndroidManifest.xml:32:13-65
73-->[com.razorpay:checkout:1.6.36] AndroidManifest.xml:32:21-62
74
75            <data android:mimeType="*/*" />
75-->[com.razorpay:checkout:1.6.36] AndroidManifest.xml:14:13-16:38
75-->[com.razorpay:checkout:1.6.36] AndroidManifest.xml:15:17-39
76        </intent>
77        <intent>
77-->[com.razorpay:checkout:1.6.36] AndroidManifest.xml:36:9-38:18
78            <action android:name="rzp.device_token.share" />
78-->[com.razorpay:checkout:1.6.36] AndroidManifest.xml:37:13-61
78-->[com.razorpay:checkout:1.6.36] AndroidManifest.xml:37:21-58
79        </intent>
80        <!-- For browser content -->
81        <intent>
81-->[com.google.android.gms:play-services-ads-lite:21.0.0] AndroidManifest.xml:31:9-37:18
82            <action android:name="android.intent.action.VIEW" />
82-->[com.onesignal:OneSignal:4.8.5] AndroidManifest.xml:77:17-69
82-->[com.onesignal:OneSignal:4.8.5] AndroidManifest.xml:77:25-66
83
84            <category android:name="android.intent.category.BROWSABLE" />
84-->[com.razorpay:checkout:1.6.36] AndroidManifest.xml:21:13-74
84-->[com.razorpay:checkout:1.6.36] AndroidManifest.xml:21:23-71
85
86            <data android:scheme="https" />
86-->[com.razorpay:checkout:1.6.36] AndroidManifest.xml:14:13-16:38
86-->[com.razorpay:checkout:1.6.36] AndroidManifest.xml:16:17-35
87        </intent> <!-- End of browser content -->
88        <!-- For CustomTabsService -->
89        <intent>
89-->[com.google.android.gms:play-services-ads-lite:21.0.0] AndroidManifest.xml:40:9-42:18
90            <action android:name="android.support.customtabs.action.CustomTabsService" />
90-->[com.google.android.gms:play-services-ads-lite:21.0.0] AndroidManifest.xml:41:13-90
90-->[com.google.android.gms:play-services-ads-lite:21.0.0] AndroidManifest.xml:41:21-87
91        </intent>
92    </queries>
93
94    <uses-feature
94-->[com.google.android.gms:play-services-maps:17.0.0] AndroidManifest.xml:26:5-28:35
95        android:glEsVersion="0x00020000"
95-->[com.google.android.gms:play-services-maps:17.0.0] AndroidManifest.xml:27:9-41
96        android:required="true" />
96-->[com.google.android.gms:play-services-maps:17.0.0] AndroidManifest.xml:28:9-32
97
98    <uses-permission android:name="com.google.android.gms.permission.AD_ID" />
98-->[com.google.android.gms:play-services-measurement-api:21.2.2] AndroidManifest.xml:25:5-79
98-->[com.google.android.gms:play-services-measurement-api:21.2.2] AndroidManifest.xml:25:22-76
99    <uses-permission android:name="com.google.android.finsky.permission.BIND_GET_INSTALL_REFERRER_SERVICE" />
99-->[com.google.android.gms:play-services-measurement:21.2.2] AndroidManifest.xml:26:5-110
99-->[com.google.android.gms:play-services-measurement:21.2.2] AndroidManifest.xml:26:22-107
100    <uses-permission android:name="android.permission.FOREGROUND_SERVICE" />
100-->[androidx.work:work-runtime:2.7.0] AndroidManifest.xml:28:5-77
100-->[androidx.work:work-runtime:2.7.0] AndroidManifest.xml:28:22-74
101
102    <permission
102-->[androidx.core:core:1.10.1] AndroidManifest.xml:22:5-24:47
103        android:name="com.mighty.plantapp.DYNAMIC_RECEIVER_NOT_EXPORTED_PERMISSION"
103-->[androidx.core:core:1.10.1] AndroidManifest.xml:23:9-81
104        android:protectionLevel="signature" />
104-->[androidx.core:core:1.10.1] AndroidManifest.xml:24:9-44
105
106    <uses-permission android:name="com.mighty.plantapp.DYNAMIC_RECEIVER_NOT_EXPORTED_PERMISSION" />
106-->[androidx.core:core:1.10.1] AndroidManifest.xml:26:5-97
106-->[androidx.core:core:1.10.1] AndroidManifest.xml:26:22-94
107
108    <application
108-->src\main\AndroidManifest.xml:9:5-42:19
109        android:allowBackup="true"
109-->src\main\AndroidManifest.xml:12:9-35
110        android:appComponentFactory="androidx.core.app.CoreComponentFactory"
110-->[androidx.core:core:1.10.1] AndroidManifest.xml:28:18-86
111        android:fullBackupContent="true"
111-->src\main\AndroidManifest.xml:13:9-41
112        android:icon="@mipmap/ic_launcher"
112-->src\main\AndroidManifest.xml:10:9-43
113        android:label="USBONG Plant Shop"
113-->src\main\AndroidManifest.xml:11:9-42
114        android:usesCleartextTraffic="true" >
114-->src\main\AndroidManifest.xml:14:9-44
115        <meta-data
115-->src\main\AndroidManifest.xml:16:9-18:70
116            android:name="com.google.android.gms.ads.APPLICATION_ID"
116-->src\main\AndroidManifest.xml:17:13-69
117            android:value="ca-app-pub-1399327544318575~4542166073" />
117-->src\main\AndroidManifest.xml:18:13-67
118
119        <activity
119-->src\main\AndroidManifest.xml:19:9-38:20
120            android:name="com.mighty.plantapp.MainActivity"
120-->src\main\AndroidManifest.xml:20:13-41
121            android:configChanges="orientation|keyboardHidden|keyboard|screenSize|smallestScreenSize|locale|layoutDirection|fontScale|screenLayout|density|uiMode"
121-->src\main\AndroidManifest.xml:21:13-163
122            android:exported="true"
122-->src\main\AndroidManifest.xml:26:13-36
123            android:hardwareAccelerated="true"
123-->src\main\AndroidManifest.xml:22:13-47
124            android:launchMode="singleTop"
124-->src\main\AndroidManifest.xml:23:13-43
125            android:theme="@style/LaunchTheme"
125-->src\main\AndroidManifest.xml:24:13-47
126            android:windowSoftInputMode="adjustResize" >
126-->src\main\AndroidManifest.xml:25:13-55
127            <meta-data
127-->src\main\AndroidManifest.xml:27:13-29:57
128                android:name="io.flutter.embedding.android.NormalTheme"
128-->src\main\AndroidManifest.xml:28:17-72
129                android:resource="@style/NormalTheme" />
129-->src\main\AndroidManifest.xml:29:17-54
130            <meta-data
130-->src\main\AndroidManifest.xml:30:13-32:66
131                android:name="io.flutter.embedding.android.SplashScreenDrawable"
131-->src\main\AndroidManifest.xml:31:17-81
132                android:resource="@drawable/launch_background" />
132-->src\main\AndroidManifest.xml:32:17-63
133
134            <intent-filter>
134-->src\main\AndroidManifest.xml:34:13-37:29
135                <action android:name="android.intent.action.MAIN" />
135-->src\main\AndroidManifest.xml:35:17-69
135-->src\main\AndroidManifest.xml:35:25-66
136
137                <category android:name="android.intent.category.LAUNCHER" />
137-->src\main\AndroidManifest.xml:36:17-77
137-->src\main\AndroidManifest.xml:36:27-74
138            </intent-filter>
139        </activity>
140
141        <meta-data
141-->src\main\AndroidManifest.xml:39:9-41:33
142            android:name="flutterEmbedding"
142-->src\main\AndroidManifest.xml:40:13-44
143            android:value="2" />
143-->src\main\AndroidManifest.xml:41:13-30
144
145        <service
145-->[:firebase_crashlytics] AndroidManifest.xml:8:9-12:19
146            android:name="com.google.firebase.components.ComponentDiscoveryService"
146-->[:firebase_crashlytics] AndroidManifest.xml:8:18-89
147            android:directBootAware="true"
147-->[com.google.firebase:firebase-common:20.3.2] AndroidManifest.xml:34:13-43
148            android:exported="false" >
148-->[com.google.firebase:firebase-auth:22.0.0] AndroidManifest.xml:68:13-37
149            <meta-data
149-->[:firebase_crashlytics] AndroidManifest.xml:9:13-11:85
150                android:name="com.google.firebase.components:io.flutter.plugins.firebase.crashlytics.FlutterFirebaseAppRegistrar"
150-->[:firebase_crashlytics] AndroidManifest.xml:10:17-130
151                android:value="com.google.firebase.components.ComponentRegistrar" />
151-->[:firebase_crashlytics] AndroidManifest.xml:11:17-82
152            <meta-data
152-->[:firebase_analytics] AndroidManifest.xml:13:13-15:85
153                android:name="com.google.firebase.components:io.flutter.plugins.firebase.analytics.FlutterFirebaseAppRegistrar"
153-->[:firebase_analytics] AndroidManifest.xml:14:17-128
154                android:value="com.google.firebase.components.ComponentRegistrar" />
154-->[:firebase_analytics] AndroidManifest.xml:15:17-82
155            <meta-data
155-->[:firebase_auth] AndroidManifest.xml:9:13-11:85
156                android:name="com.google.firebase.components:io.flutter.plugins.firebase.auth.FlutterFirebaseAuthRegistrar"
156-->[:firebase_auth] AndroidManifest.xml:10:17-124
157                android:value="com.google.firebase.components.ComponentRegistrar" />
157-->[:firebase_auth] AndroidManifest.xml:11:17-82
158            <meta-data
158-->[:firebase_core] AndroidManifest.xml:9:13-11:85
159                android:name="com.google.firebase.components:io.flutter.plugins.firebase.core.FlutterFirebaseCoreRegistrar"
159-->[:firebase_core] AndroidManifest.xml:10:17-124
160                android:value="com.google.firebase.components.ComponentRegistrar" />
160-->[:firebase_core] AndroidManifest.xml:11:17-82
161            <meta-data
161-->[com.google.firebase:firebase-auth:22.0.0] AndroidManifest.xml:69:13-71:85
162                android:name="com.google.firebase.components:com.google.firebase.auth.FirebaseAuthRegistrar"
162-->[com.google.firebase:firebase-auth:22.0.0] AndroidManifest.xml:70:17-109
163                android:value="com.google.firebase.components.ComponentRegistrar" />
163-->[com.google.firebase:firebase-auth:22.0.0] AndroidManifest.xml:71:17-82
164            <meta-data
164-->[com.google.firebase:firebase-messaging:23.1.2] AndroidManifest.xml:55:13-57:85
165                android:name="com.google.firebase.components:com.google.firebase.messaging.FirebaseMessagingRegistrar"
165-->[com.google.firebase:firebase-messaging:23.1.2] AndroidManifest.xml:56:17-119
166                android:value="com.google.firebase.components.ComponentRegistrar" />
166-->[com.google.firebase:firebase-messaging:23.1.2] AndroidManifest.xml:57:17-82
167            <meta-data
167-->[com.google.firebase:firebase-crashlytics:18.3.7] AndroidManifest.xml:17:13-19:85
168                android:name="com.google.firebase.components:com.google.firebase.crashlytics.CrashlyticsRegistrar"
168-->[com.google.firebase:firebase-crashlytics:18.3.7] AndroidManifest.xml:18:17-115
169                android:value="com.google.firebase.components.ComponentRegistrar" />
169-->[com.google.firebase:firebase-crashlytics:18.3.7] AndroidManifest.xml:19:17-82
170            <meta-data
170-->[com.google.android.gms:play-services-measurement-api:21.2.2] AndroidManifest.xml:31:13-33:85
171                android:name="com.google.firebase.components:com.google.firebase.analytics.connector.internal.AnalyticsConnectorRegistrar"
171-->[com.google.android.gms:play-services-measurement-api:21.2.2] AndroidManifest.xml:32:17-139
172                android:value="com.google.firebase.components.ComponentRegistrar" />
172-->[com.google.android.gms:play-services-measurement-api:21.2.2] AndroidManifest.xml:33:17-82
173            <meta-data
173-->[com.google.firebase:firebase-installations:17.1.3] AndroidManifest.xml:17:13-19:85
174                android:name="com.google.firebase.components:com.google.firebase.installations.FirebaseInstallationsRegistrar"
174-->[com.google.firebase:firebase-installations:17.1.3] AndroidManifest.xml:18:17-127
175                android:value="com.google.firebase.components.ComponentRegistrar" />
175-->[com.google.firebase:firebase-installations:17.1.3] AndroidManifest.xml:19:17-82
176            <meta-data
176-->[com.google.firebase:firebase-datatransport:18.1.7] AndroidManifest.xml:27:13-29:85
177                android:name="com.google.firebase.components:com.google.firebase.datatransport.TransportRegistrar"
177-->[com.google.firebase:firebase-datatransport:18.1.7] AndroidManifest.xml:28:17-115
178                android:value="com.google.firebase.components.ComponentRegistrar" />
178-->[com.google.firebase:firebase-datatransport:18.1.7] AndroidManifest.xml:29:17-82
179        </service>
180
181        <meta-data
181-->[:google_mobile_ads] AndroidManifest.xml:10:9-12:36
182            android:name="io.flutter.embedded_views_preview"
182-->[:google_mobile_ads] AndroidManifest.xml:11:13-61
183            android:value="true" />
183-->[:google_mobile_ads] AndroidManifest.xml:12:13-33
184        <!--
185           Declares a provider which allows us to store files to share in
186           '.../caches/share_plus' and grant the receiving action access
187        -->
188        <provider
188-->[:share_plus] AndroidManifest.xml:13:9-21:20
189            android:name="dev.fluttercommunity.plus.share.ShareFileProvider"
189-->[:share_plus] AndroidManifest.xml:14:13-77
190            android:authorities="com.mighty.plantapp.flutter.share_provider"
190-->[:share_plus] AndroidManifest.xml:15:13-74
191            android:exported="false"
191-->[:share_plus] AndroidManifest.xml:16:13-37
192            android:grantUriPermissions="true" >
192-->[:share_plus] AndroidManifest.xml:17:13-47
193            <meta-data
193-->[:share_plus] AndroidManifest.xml:18:13-20:68
194                android:name="android.support.FILE_PROVIDER_PATHS"
194-->[:share_plus] AndroidManifest.xml:19:17-67
195                android:resource="@xml/flutter_share_file_paths" />
195-->[:share_plus] AndroidManifest.xml:20:17-65
196        </provider>
197        <!--
198           This manifest declared broadcast receiver allows us to use an explicit
199           Intent when creating a PendingItent to be informed of the user's choice
200        -->
201        <receiver
201-->[:share_plus] AndroidManifest.xml:26:9-32:20
202            android:name="dev.fluttercommunity.plus.share.SharePlusPendingIntent"
202-->[:share_plus] AndroidManifest.xml:27:13-82
203            android:exported="false" >
203-->[:share_plus] AndroidManifest.xml:28:13-37
204            <intent-filter>
204-->[:share_plus] AndroidManifest.xml:29:13-31:29
205                <action android:name="EXTRA_CHOSEN_COMPONENT" />
205-->[:share_plus] AndroidManifest.xml:30:17-65
205-->[:share_plus] AndroidManifest.xml:30:25-62
206            </intent-filter>
207        </receiver>
208
209        <provider
209-->[:image_picker_android] AndroidManifest.xml:8:9-16:20
210            android:name="io.flutter.plugins.imagepicker.ImagePickerFileProvider"
210-->[:image_picker_android] AndroidManifest.xml:9:13-82
211            android:authorities="com.mighty.plantapp.flutter.image_provider"
211-->[:image_picker_android] AndroidManifest.xml:10:13-74
212            android:exported="false"
212-->[:image_picker_android] AndroidManifest.xml:11:13-37
213            android:grantUriPermissions="true" >
213-->[:image_picker_android] AndroidManifest.xml:12:13-47
214            <meta-data
214-->[:share_plus] AndroidManifest.xml:18:13-20:68
215                android:name="android.support.FILE_PROVIDER_PATHS"
215-->[:share_plus] AndroidManifest.xml:19:17-67
216                android:resource="@xml/flutter_image_picker_file_paths" />
216-->[:share_plus] AndroidManifest.xml:20:17-65
217        </provider>
218
219        <activity
219-->[:flutter_paystack] AndroidManifest.xml:8:9-10:54
220            android:name="co.paystack.flutterpaystack.AuthActivity"
220-->[:flutter_paystack] AndroidManifest.xml:9:13-68
221            android:theme="@style/Paystack.Dialog" />
221-->[:flutter_paystack] AndroidManifest.xml:10:13-51
222        <activity
222-->[:url_launcher_android] AndroidManifest.xml:8:9-11:74
223            android:name="io.flutter.plugins.urllauncher.WebViewActivity"
223-->[:url_launcher_android] AndroidManifest.xml:9:13-74
224            android:exported="false"
224-->[:url_launcher_android] AndroidManifest.xml:10:13-37
225            android:theme="@android:style/Theme.NoTitleBar.Fullscreen" />
225-->[:url_launcher_android] AndroidManifest.xml:11:13-71
226
227        <receiver
227-->[com.onesignal:OneSignal:4.8.5] AndroidManifest.xml:50:9-61:20
228            android:name="com.onesignal.FCMBroadcastReceiver"
228-->[com.onesignal:OneSignal:4.8.5] AndroidManifest.xml:51:13-62
229            android:exported="true"
229-->[com.onesignal:OneSignal:4.8.5] AndroidManifest.xml:52:13-36
230            android:permission="com.google.android.c2dm.permission.SEND" >
230-->[com.onesignal:OneSignal:4.8.5] AndroidManifest.xml:53:13-73
231
232            <!-- High priority so OneSignal payloads can be filtered from other FCM receivers -->
233            <intent-filter android:priority="999" >
233-->[com.onesignal:OneSignal:4.8.5] AndroidManifest.xml:56:13-60:29
233-->[com.onesignal:OneSignal:4.8.5] AndroidManifest.xml:56:28-50
234                <action android:name="com.google.android.c2dm.intent.RECEIVE" />
234-->[com.onesignal:OneSignal:4.8.5] AndroidManifest.xml:57:17-81
234-->[com.onesignal:OneSignal:4.8.5] AndroidManifest.xml:57:25-78
235
236                <category android:name="com.mighty.plantapp" />
236-->[com.onesignal:OneSignal:4.8.5] AndroidManifest.xml:59:17-61
236-->[com.onesignal:OneSignal:4.8.5] AndroidManifest.xml:59:27-58
237            </intent-filter>
238        </receiver>
239
240        <service
240-->[com.onesignal:OneSignal:4.8.5] AndroidManifest.xml:63:9-69:19
241            android:name="com.onesignal.HmsMessageServiceOneSignal"
241-->[com.onesignal:OneSignal:4.8.5] AndroidManifest.xml:64:13-68
242            android:exported="false" >
242-->[com.onesignal:OneSignal:4.8.5] AndroidManifest.xml:65:13-37
243            <intent-filter>
243-->[com.onesignal:OneSignal:4.8.5] AndroidManifest.xml:66:13-68:29
244                <action android:name="com.huawei.push.action.MESSAGING_EVENT" />
244-->[com.onesignal:OneSignal:4.8.5] AndroidManifest.xml:67:17-81
244-->[com.onesignal:OneSignal:4.8.5] AndroidManifest.xml:67:25-78
245            </intent-filter>
246        </service>
247
248        <activity
248-->[com.onesignal:OneSignal:4.8.5] AndroidManifest.xml:71:9-79:20
249            android:name="com.onesignal.NotificationOpenedActivityHMS"
249-->[com.onesignal:OneSignal:4.8.5] AndroidManifest.xml:72:13-71
250            android:exported="true"
250-->[com.onesignal:OneSignal:4.8.5] AndroidManifest.xml:73:13-36
251            android:noHistory="true"
251-->[com.onesignal:OneSignal:4.8.5] AndroidManifest.xml:74:13-37
252            android:theme="@android:style/Theme.Translucent.NoTitleBar" >
252-->[com.onesignal:OneSignal:4.8.5] AndroidManifest.xml:75:13-72
253            <intent-filter>
253-->[com.onesignal:OneSignal:4.8.5] AndroidManifest.xml:76:13-78:29
254                <action android:name="android.intent.action.VIEW" />
254-->[com.onesignal:OneSignal:4.8.5] AndroidManifest.xml:77:17-69
254-->[com.onesignal:OneSignal:4.8.5] AndroidManifest.xml:77:25-66
255            </intent-filter>
256        </activity>
257
258        <service
258-->[com.onesignal:OneSignal:4.8.5] AndroidManifest.xml:81:9-83:40
259            android:name="com.onesignal.FCMIntentService"
259-->[com.onesignal:OneSignal:4.8.5] AndroidManifest.xml:82:13-58
260            android:exported="false" />
260-->[com.onesignal:OneSignal:4.8.5] AndroidManifest.xml:83:13-37
261        <service
261-->[com.onesignal:OneSignal:4.8.5] AndroidManifest.xml:84:9-87:72
262            android:name="com.onesignal.FCMIntentJobService"
262-->[com.onesignal:OneSignal:4.8.5] AndroidManifest.xml:85:13-61
263            android:exported="false"
263-->[com.onesignal:OneSignal:4.8.5] AndroidManifest.xml:86:13-37
264            android:permission="android.permission.BIND_JOB_SERVICE" />
264-->[com.onesignal:OneSignal:4.8.5] AndroidManifest.xml:87:13-69
265        <service
265-->[com.onesignal:OneSignal:4.8.5] AndroidManifest.xml:88:9-91:43
266            android:name="com.onesignal.SyncService"
266-->[com.onesignal:OneSignal:4.8.5] AndroidManifest.xml:89:13-53
267            android:exported="false"
267-->[com.onesignal:OneSignal:4.8.5] AndroidManifest.xml:90:13-37
268            android:stopWithTask="true" />
268-->[com.onesignal:OneSignal:4.8.5] AndroidManifest.xml:91:13-40
269        <service
269-->[com.onesignal:OneSignal:4.8.5] AndroidManifest.xml:92:9-95:72
270            android:name="com.onesignal.SyncJobService"
270-->[com.onesignal:OneSignal:4.8.5] AndroidManifest.xml:93:13-56
271            android:exported="false"
271-->[com.onesignal:OneSignal:4.8.5] AndroidManifest.xml:94:13-37
272            android:permission="android.permission.BIND_JOB_SERVICE" />
272-->[com.onesignal:OneSignal:4.8.5] AndroidManifest.xml:95:13-69
273
274        <activity
274-->[com.onesignal:OneSignal:4.8.5] AndroidManifest.xml:97:9-100:75
275            android:name="com.onesignal.PermissionsActivity"
275-->[com.onesignal:OneSignal:4.8.5] AndroidManifest.xml:98:13-61
276            android:exported="false"
276-->[com.onesignal:OneSignal:4.8.5] AndroidManifest.xml:99:13-37
277            android:theme="@android:style/Theme.Translucent.NoTitleBar" />
277-->[com.onesignal:OneSignal:4.8.5] AndroidManifest.xml:100:13-72
278
279        <receiver
279-->[com.onesignal:OneSignal:4.8.5] AndroidManifest.xml:102:9-104:39
280            android:name="com.onesignal.NotificationDismissReceiver"
280-->[com.onesignal:OneSignal:4.8.5] AndroidManifest.xml:103:13-69
281            android:exported="true" />
281-->[com.onesignal:OneSignal:4.8.5] AndroidManifest.xml:104:13-36
282        <receiver
282-->[com.onesignal:OneSignal:4.8.5] AndroidManifest.xml:105:9-112:20
283            android:name="com.onesignal.BootUpReceiver"